0000001010000101
0111FULLY_CHARGED

1000000000000000
0111BATTERY_0

1000000000000000
0000000000000001
0001000001000010
0010000010010100
1100000000010000
0111OBSTACLE!!

1101000001000101
0010000101000000
1011000000001001
1000000000000000
1101000001000011
0010000011000000
1100000000100101
0111OBSTACLE!!

1101000001000101
0010000101000000
1011000000001001
1000000000000000
0001000001000110
0010000110001010
1100000000111010
0111MAX_LIMIT!!

1101000001000101
0010000101000000
1011000000001001
1000000000000000
1101000001000110
0010000110000000
1100000001001111
0111MAX_LIMIT!!

1101000001000101
0010000101000000
1011000000001001
1000000000000000
0000000110001000
1101000110001000
0010001000000000
1010000001001111
0000001000000110
1101000001000101
0010000101000000
1011000000001001
1000000000000000
0000000000000010
0000010100000011
0000000000000100
0000000000000111
0000000000001000
0000000000001001
0000000000001010
0000000110001000
0010001000000001
1011000000001110
0010001000000010
1011000000000010
0010001000000011
1011000000000011
0010001000000100
1011000000000100
0010001000000110
1011000000000110
0010001000000111
1011000000000111
0010001000000101
1011000000001111
0010000101000000
1011000000001001
0000000110001000
0001000010001000
0010001000010100
1001000000010000
0000001000000010
1101000001000101
0010000101000000
1011000000001001
1000000000000000
0010000101000000
1011000000001001
0000000110001000
1101000011001000
0010001000000000
1010000000100101
0000001000000011
1101000001000101
0010000101000000
1011000000001001
1000000000000000
0010000101000000
1011000000001001
0000000110001000
0001001000000100
1101000001000101
0010000101000000
1011000000001001
1000000000000000
0010000101000000
1011000000001001
0000000110001000
0001000110001000
0010001000001010
1001000000111010
0000001000000110
1101000001000101
0010000101000000
1011000000001001
1000000000000000
0010000101000000
1011000000001001
0010000110000000
1001000001100100
0010000101001010
1011000000000100
0001000001000101
0010000101001010
1011000000000100
1000000000001111
